Determining if the pthread_create exist failed with the following output:
Change Dir: /u/gazevedo/ResearchDocuments/waterloo-bepe/BDS/math/lemon-1.3.1/build/CMakeFiles/CMakeTmp

Run Build Command:"/usr/bin/make" "cmTC_8cfde/fast"
/usr/bin/make -f CMakeFiles/cmTC_8cfde.dir/build.make CMakeFiles/cmTC_8cfde.dir/build
make[1]: Entering directory '/u/gazevedo/ResearchDocuments/waterloo-bepe/BDS/math/lemon-1.3.1/build/CMakeFiles/CMakeTmp'
Building C object CMakeFiles/cmTC_8cfde.dir/CheckSymbolExists.c.o
/usr/bin/cc    -o CMakeFiles/cmTC_8cfde.dir/CheckSymbolExists.c.o   -c /u/gazevedo/ResearchDocuments/waterloo-bepe/BDS/math/lemon-1.3.1/build/CMakeFiles/CMakeTmp/CheckSymbolExists.c
Linking C executable cmTC_8cfde
/usr/bin/cmake -E cmake_link_script CMakeFiles/cmTC_8cfde.dir/link.txt --verbose=1
/usr/bin/cc      -rdynamic CMakeFiles/cmTC_8cfde.dir/CheckSymbolExists.c.o  -o cmTC_8cfde 
CMakeFiles/cmTC_8cfde.dir/CheckSymbolExists.c.o: In function `main':
CheckSymbolExists.c:(.text+0x1b): undefined reference to `pthread_create'
collect2: error: ld returned 1 exit status
CMakeFiles/cmTC_8cfde.dir/build.make:97: recipe for target 'cmTC_8cfde' failed
make[1]: *** [cmTC_8cfde] Error 1
make[1]: Leaving directory '/u/gazevedo/ResearchDocuments/waterloo-bepe/BDS/math/lemon-1.3.1/build/CMakeFiles/CMakeTmp'
Makefile:126: recipe for target 'cmTC_8cfde/fast' failed
make: *** [cmTC_8cfde/fast] Error 2

File /u/gazevedo/ResearchDocuments/waterloo-bepe/BDS/math/lemon-1.3.1/build/CMakeFiles/CMakeTmp/CheckSymbolExists.c:
/* */
#include <pthread.h>

int main(int argc, char** argv)
{
  (void)argv;
#ifndef pthread_create
  return ((int*)(&pthread_create))[argc];
#else
  (void)argc;
  return 0;
#endif
}

Determining if the function pthread_create exists in the pthreads failed with the following output:
Change Dir: /u/gazevedo/ResearchDocuments/waterloo-bepe/BDS/math/lemon-1.3.1/build/CMakeFiles/CMakeTmp

Run Build Command:"/usr/bin/make" "cmTC_411fc/fast"
/usr/bin/make -f CMakeFiles/cmTC_411fc.dir/build.make CMakeFiles/cmTC_411fc.dir/build
make[1]: Entering directory '/u/gazevedo/ResearchDocuments/waterloo-bepe/BDS/math/lemon-1.3.1/build/CMakeFiles/CMakeTmp'
Building C object CMakeFiles/cmTC_411fc.dir/CheckFunctionExists.c.o
/usr/bin/cc   -DCHECK_FUNCTION_EXISTS=pthread_create   -o CMakeFiles/cmTC_411fc.dir/CheckFunctionExists.c.o   -c /usr/share/cmake-3.10/Modules/CheckFunctionExists.c
Linking C executable cmTC_411fc
/usr/bin/cmake -E cmake_link_script CMakeFiles/cmTC_411fc.dir/link.txt --verbose=1
/usr/bin/cc  -DCHECK_FUNCTION_EXISTS=pthread_create    -rdynamic CMakeFiles/cmTC_411fc.dir/CheckFunctionExists.c.o  -o cmTC_411fc -lpthreads 
/usr/bin/ld: cannot find -lpthreads
collect2: error: ld returned 1 exit status
CMakeFiles/cmTC_411fc.dir/build.make:97: recipe for target 'cmTC_411fc' failed
make[1]: *** [cmTC_411fc] Error 1
make[1]: Leaving directory '/u/gazevedo/ResearchDocuments/waterloo-bepe/BDS/math/lemon-1.3.1/build/CMakeFiles/CMakeTmp'
Makefile:126: recipe for target 'cmTC_411fc/fast' failed
make: *** [cmTC_411fc/fast] Error 2


